<?xml version="1.0" encoding="UTF-8"?>
<!-- Generated by org.testng.reporters.JUnitReportReporter -->
<testsuite hostname="NithyaLenova" failures="0" tests="1" name="testscripts.Testcase_Index_Page_01" time="2.008" errors="0" timestamp="2024-09-07T14:43:50 CDT" skipped="0">
  <testcase classname="testscripts.Testcase_Index_Page_01" name="index" time="2.008"/>
  <system-out/>
</testsuite> <!-- testscripts.Testcase_Index_Page_01 -->
