<?xml version="1.0" encoding="UTF-8"?>
<!-- Generated by org.testng.reporters.JUnitReportReporter -->
<testsuite hostname="NithyaLenova" failures="0" tests="1" name="testscripts.Testcase_Register_Page_02" time="4.916" errors="0" timestamp="2024-09-06T16:52:24 CDT" skipped="0">
  <testcase classname="testscripts.Testcase_Register_Page_02" name="register" time="4.916"/>
  <system-out/>
</testsuite> <!-- testscripts.Testcase_Register_Page_02 -->
