<?xml version="1.0" encoding="UTF-8"?>
<!-- Generated by org.testng.reporters.JUnitReportReporter -->
<testsuite hostname="NithyaLenova" failures="0" tests="1" name="testscripts.Testcase_Sign_In_Page_03" time="4.127" errors="0" timestamp="2024-09-07T14:43:50 CDT" skipped="0">
  <testcase classname="testscripts.Testcase_Sign_In_Page_03" name="sign_in" time="4.127"/>
  <system-out/>
</testsuite> <!-- testscripts.Testcase_Sign_In_Page_03 -->
