<?xml version="1.0" encoding="UTF-8"?>
<!-- Generated by org.testng.reporters.JUnitReportReporter -->
<testsuite hostname="NithyaLenova" failures="0" tests="1" name="tree_testscripts.Testcase_Tree_Page_01" time="4.888" errors="0" timestamp="2024-09-06T21:16:34 CDT" skipped="0">
  <testcase classname="tree_testscripts.Testcase_Tree_Page_01" name="tree_page" time="4.888"/>
  <system-out/>
</testsuite> <!-- tree_testscripts.Testcase_Tree_Page_01 -->
